<?xml version="1.0" encoding="UTF-8"?>
<testsuite xmlns:xsi="http://www.w3.org/2001/XMLSchema-instance" xsi:noNamespaceSchemaLocation="https://maven.apache.org/surefire/maven-surefire-plugin/xsd/surefire-test-report.xsd" name="service.AnuncioServiceTest" time="0.121" tests="17" errors="0" skipped="0" failures="0">
  <properties>
    <property name="java.specification.version" value="22"/>
    <property name="sun.cpu.isalist" value="amd64"/>
    <property name="sun.jnu.encoding" value="Cp1252"/>
    <property name="java.class.path" value="C:\Users\Anthony\Desktop\Try1\GR05_1BT3_622_24A\target\test-classes;C:\Users\Anthony\Desktop\Try1\GR05_1BT3_622_24A\target\classes;C:\Users\Anthony\.m2\repository\jakarta\servlet\jakarta.servlet-api\6.1.0\jakarta.servlet-api-6.1.0.jar;C:\Users\Anthony\.m2\repository\jakarta\xml\ws\jakarta.xml.ws-api\4.0.2\jakarta.xml.ws-api-4.0.2.jar;C:\Users\Anthony\.m2\repository\jakarta\xml\bind\jakarta.xml.bind-api\4.0.2\jakarta.xml.bind-api-4.0.2.jar;C:\Users\Anthony\.m2\repository\jakarta\xml\soap\jakarta.xml.soap-api\3.0.2\jakarta.xml.soap-api-3.0.2.jar;C:\Users\Anthony\.m2\repository\org\hibernate\orm\hibernate-core\6.0.0.Final\hibernate-core-6.0.0.Final.jar;C:\Users\Anthony\.m2\repository\jakarta\persistence\jakarta.persistence-api\3.0.0\jakarta.persistence-api-3.0.0.jar;C:\Users\Anthony\.m2\repository\jakarta\transaction\jakarta.transaction-api\2.0.0\jakarta.transaction-api-2.0.0.jar;C:\Users\Anthony\.m2\repository\org\jboss\logging\jboss-logging\3.4.3.Final\jboss-logging-3.4.3.Final.jar;C:\Users\Anthony\.m2\repository\org\jboss\jandex\2.4.2.Final\jandex-2.4.2.Final.jar;C:\Users\Anthony\.m2\repository\com\fasterxml\classmate\1.5.1\classmate-1.5.1.jar;C:\Users\Anthony\.m2\repository\org\hibernate\common\hibernate-commons-annotations\6.0.0.CR1\hibernate-commons-annotations-6.0.0.CR1.jar;C:\Users\Anthony\.m2\repository\net\bytebuddy\byte-buddy\1.12.8\byte-buddy-1.12.8.jar;C:\Users\Anthony\.m2\repository\jakarta\activation\jakarta.activation-api\2.0.1\jakarta.activation-api-2.0.1.jar;C:\Users\Anthony\.m2\repository\jakarta\inject\jakarta.inject-api\2.0.0\jakarta.inject-api-2.0.0.jar;C:\Users\Anthony\.m2\repository\org\antlr\antlr4-runtime\4.9.1\antlr4-runtime-4.9.1.jar;C:\Users\Anthony\.m2\repository\org\glassfish\jaxb\jaxb-runtime\4.0.5\jaxb-runtime-4.0.5.jar;C:\Users\Anthony\.m2\repository\org\glassfish\jaxb\jaxb-core\4.0.5\jaxb-core-4.0.5.jar;C:\Users\Anthony\.m2\repository\org\eclipse\angus\angus-activation\2.0.2\angus-activation-2.0.2.jar;C:\Users\Anthony\.m2\repository\org\glassfish\jaxb\txw2\4.0.5\txw2-4.0.5.jar;C:\Users\Anthony\.m2\repository\com\sun\istack\istack-commons-runtime\4.1.2\istack-commons-runtime-4.1.2.jar;C:\Users\Anthony\.m2\repository\org\hibernate\validator\hibernate-validator\8.0.1.Final\hibernate-validator-8.0.1.Final.jar;C:\Users\Anthony\.m2\repository\jakarta\validation\jakarta.validation-api\3.0.2\jakarta.validation-api-3.0.2.jar;C:\Users\Anthony\.m2\repository\org\junit\jupiter\junit-jupiter-api\5.11.0-M2\junit-jupiter-api-5.11.0-M2.jar;C:\Users\Anthony\.m2\repository\org\opentest4j\opentest4j\1.3.0\opentest4j-1.3.0.jar;C:\Users\Anthony\.m2\repository\org\junit\platform\junit-platform-commons\1.11.0-M2\junit-platform-commons-1.11.0-M2.jar;C:\Users\Anthony\.m2\repository\org\apiguardian\apiguardian-api\1.1.2\apiguardian-api-1.1.2.jar;C:\Users\Anthony\.m2\repository\org\junit\jupiter\junit-jupiter-engine\5.11.0-M2\junit-jupiter-engine-5.11.0-M2.jar;C:\Users\Anthony\.m2\repository\org\junit\platform\junit-platform-engine\1.11.0-M2\junit-platform-engine-1.11.0-M2.jar;C:\Users\Anthony\.m2\repository\org\junit\jupiter\junit-jupiter-params\5.8.1\junit-jupiter-params-5.8.1.jar;C:\Users\Anthony\.m2\repository\org\mindrot\jbcrypt\0.4\jbcrypt-0.4.jar;C:\Users\Anthony\.m2\repository\org\mockito\mockito-core\4.0.0\mockito-core-4.0.0.jar;C:\Users\Anthony\.m2\repository\net\bytebuddy\byte-buddy-agent\1.11.19\byte-buddy-agent-1.11.19.jar;C:\Users\Anthony\.m2\repository\org\objenesis\objenesis\3.2\objenesis-3.2.jar;C:\Users\Anthony\.m2\repository\org\apache\derby\derby\10.14.2.0\derby-10.14.2.0.jar;"/>
    <property name="java.vm.vendor" value="Amazon.com Inc."/>
    <property name="sun.arch.data.model" value="64"/>
    <property name="user.variant" value=""/>
    <property name="java.vendor.url" value="https://aws.amazon.com/corretto/"/>
    <property name="user.timezone" value="America/Guayaquil"/>
    <property name="os.name" value="Windows 11"/>
    <property name="java.vm.specification.version" value="22"/>
    <property name="sun.java.launcher" value="SUN_STANDARD"/>
    <property name="user.country" value="EC"/>
    <property name="sun.boot.library.path" value="C:\Users\Anthony\.jdks\corretto-22.0.2\bin"/>
    <property name="sun.java.command" value="C:\Users\Anthony\AppData\Local\Temp\surefire11184795375267277927\surefirebooter7420261593522909850.jar C:\Users\Anthony\AppData\Local\Temp\surefire11184795375267277927 2024-11-03T01-05-42_956-jvmRun1 surefire5241238984698520622tmp surefire_05163184503360951700tmp"/>
    <property name="jdk.debug" value="release"/>
    <property name="surefire.test.class.path" value="C:\Users\Anthony\Desktop\Try1\GR05_1BT3_622_24A\target\test-classes;C:\Users\Anthony\Desktop\Try1\GR05_1BT3_622_24A\target\classes;C:\Users\Anthony\.m2\repository\jakarta\servlet\jakarta.servlet-api\6.1.0\jakarta.servlet-api-6.1.0.jar;C:\Users\Anthony\.m2\repository\jakarta\xml\ws\jakarta.xml.ws-api\4.0.2\jakarta.xml.ws-api-4.0.2.jar;C:\Users\Anthony\.m2\repository\jakarta\xml\bind\jakarta.xml.bind-api\4.0.2\jakarta.xml.bind-api-4.0.2.jar;C:\Users\Anthony\.m2\repository\jakarta\xml\soap\jakarta.xml.soap-api\3.0.2\jakarta.xml.soap-api-3.0.2.jar;C:\Users\Anthony\.m2\repository\org\hibernate\orm\hibernate-core\6.0.0.Final\hibernate-core-6.0.0.Final.jar;C:\Users\Anthony\.m2\repository\jakarta\persistence\jakarta.persistence-api\3.0.0\jakarta.persistence-api-3.0.0.jar;C:\Users\Anthony\.m2\repository\jakarta\transaction\jakarta.transaction-api\2.0.0\jakarta.transaction-api-2.0.0.jar;C:\Users\Anthony\.m2\repository\org\jboss\logging\jboss-logging\3.4.3.Final\jboss-logging-3.4.3.Final.jar;C:\Users\Anthony\.m2\repository\org\jboss\jandex\2.4.2.Final\jandex-2.4.2.Final.jar;C:\Users\Anthony\.m2\repository\com\fasterxml\classmate\1.5.1\classmate-1.5.1.jar;C:\Users\Anthony\.m2\repository\org\hibernate\common\hibernate-commons-annotations\6.0.0.CR1\hibernate-commons-annotations-6.0.0.CR1.jar;C:\Users\Anthony\.m2\repository\net\bytebuddy\byte-buddy\1.12.8\byte-buddy-1.12.8.jar;C:\Users\Anthony\.m2\repository\jakarta\activation\jakarta.activation-api\2.0.1\jakarta.activation-api-2.0.1.jar;C:\Users\Anthony\.m2\repository\jakarta\inject\jakarta.inject-api\2.0.0\jakarta.inject-api-2.0.0.jar;C:\Users\Anthony\.m2\repository\org\antlr\antlr4-runtime\4.9.1\antlr4-runtime-4.9.1.jar;C:\Users\Anthony\.m2\repository\org\glassfish\jaxb\jaxb-runtime\4.0.5\jaxb-runtime-4.0.5.jar;C:\Users\Anthony\.m2\repository\org\glassfish\jaxb\jaxb-core\4.0.5\jaxb-core-4.0.5.jar;C:\Users\Anthony\.m2\repository\org\eclipse\angus\angus-activation\2.0.2\angus-activation-2.0.2.jar;C:\Users\Anthony\.m2\repository\org\glassfish\jaxb\txw2\4.0.5\txw2-4.0.5.jar;C:\Users\Anthony\.m2\repository\com\sun\istack\istack-commons-runtime\4.1.2\istack-commons-runtime-4.1.2.jar;C:\Users\Anthony\.m2\repository\org\hibernate\validator\hibernate-validator\8.0.1.Final\hibernate-validator-8.0.1.Final.jar;C:\Users\Anthony\.m2\repository\jakarta\validation\jakarta.validation-api\3.0.2\jakarta.validation-api-3.0.2.jar;C:\Users\Anthony\.m2\repository\org\junit\jupiter\junit-jupiter-api\5.11.0-M2\junit-jupiter-api-5.11.0-M2.jar;C:\Users\Anthony\.m2\repository\org\opentest4j\opentest4j\1.3.0\opentest4j-1.3.0.jar;C:\Users\Anthony\.m2\repository\org\junit\platform\junit-platform-commons\1.11.0-M2\junit-platform-commons-1.11.0-M2.jar;C:\Users\Anthony\.m2\repository\org\apiguardian\apiguardian-api\1.1.2\apiguardian-api-1.1.2.jar;C:\Users\Anthony\.m2\repository\org\junit\jupiter\junit-jupiter-engine\5.11.0-M2\junit-jupiter-engine-5.11.0-M2.jar;C:\Users\Anthony\.m2\repository\org\junit\platform\junit-platform-engine\1.11.0-M2\junit-platform-engine-1.11.0-M2.jar;C:\Users\Anthony\.m2\repository\org\junit\jupiter\junit-jupiter-params\5.8.1\junit-jupiter-params-5.8.1.jar;C:\Users\Anthony\.m2\repository\org\mindrot\jbcrypt\0.4\jbcrypt-0.4.jar;C:\Users\Anthony\.m2\repository\org\mockito\mockito-core\4.0.0\mockito-core-4.0.0.jar;C:\Users\Anthony\.m2\repository\net\bytebuddy\byte-buddy-agent\1.11.19\byte-buddy-agent-1.11.19.jar;C:\Users\Anthony\.m2\repository\org\objenesis\objenesis\3.2\objenesis-3.2.jar;C:\Users\Anthony\.m2\repository\org\apache\derby\derby\10.14.2.0\derby-10.14.2.0.jar;"/>
    <property name="sun.cpu.endian" value="little"/>
    <property name="user.home" value="C:\Users\Anthony"/>
    <property name="user.language" value="es"/>
    <property name="java.specification.vendor" value="Oracle Corporation"/>
    <property name="java.version.date" value="2024-07-16"/>
    <property name="java.home" value="C:\Users\Anthony\.jdks\corretto-22.0.2"/>
    <property name="file.separator" value="\"/>
    <property name="basedir" value="C:\Users\Anthony\Desktop\Try1\GR05_1BT3_622_24A"/>
    <property name="java.vm.compressedOopsMode" value="Zero based"/>
    <property name="line.separator" value="&#10;"/>
    <property name="java.vm.specification.vendor" value="Oracle Corporation"/>
    <property name="java.specification.name" value="Java Platform API Specification"/>
    <property name="surefire.real.class.path" value="C:\Users\Anthony\AppData\Local\Temp\surefire11184795375267277927\surefirebooter7420261593522909850.jar"/>
    <property name="user.script" value=""/>
    <property name="sun.management.compiler" value="HotSpot 64-Bit Tiered Compilers"/>
    <property name="java.runtime.version" value="22.0.2+9-FR"/>
    <property name="user.name" value="Anthony"/>
    <property name="stdout.encoding" value="Cp1252"/>
    <property name="path.separator" value=";"/>
    <property name="os.version" value="10.0"/>
    <property name="java.runtime.name" value="OpenJDK Runtime Environment"/>
    <property name="file.encoding" value="UTF-8"/>
    <property name="java.vm.name" value="OpenJDK 64-Bit Server VM"/>
    <property name="java.vendor.version" value="Corretto-22.0.2.9.1"/>
    <property name="localRepository" value="C:\Users\Anthony\.m2\repository"/>
    <property name="java.vendor.url.bug" value="https://github.com/corretto/corretto-22/issues/"/>
    <property name="java.io.tmpdir" value="C:\Users\Anthony\AppData\Local\Temp\"/>
    <property name="idea.version" value="2024.2.3"/>
    <property name="java.version" value="22.0.2"/>
    <property name="user.dir" value="C:\Users\Anthony\Desktop\Try1\GR05_1BT3_622_24A"/>
    <property name="os.arch" value="amd64"/>
    <property name="java.vm.specification.name" value="Java Virtual Machine Specification"/>
    <property name="sun.os.patch.level" value=""/>
    <property name="native.encoding" value="Cp1252"/>
    <property name="java.library.path" value="C:\Users\Anthony\.jdks\corretto-22.0.2\bin;C:\WINDOWS\Sun\Java\bin;C:\WINDOWS\system32;C:\WINDOWS;C:\oracle\product\19.3.0.0\db_1\bin;C:\Program Files\Common Files\Oracle\Java\javapath;C:\Windows\system32;C:\Windows;C:\Windows\System32\Wbem;C:\Windows\System32\WindowsPowerShell\v1.0\;C:\Windows\System32\OpenSSH\;C:\WINDOWS\system32;C:\WINDOWS;C:\WINDOWS\System32\Wbem;C:\WINDOWS\System32\WindowsPowerShell\v1.0\;C:\WINDOWS\System32\OpenSSH\;C:\Program Files (x86)\NVIDIA Corporation\PhysX\Common;C:\Program Files\NVIDIA Corporation\NVIDIA NvDLISR;C:\Program Files (x86)\Windows Kits\10\Windows Performance Toolkit\;C:\Program Files\Git\cmd;C:\Program Files\nodejs\;C:\ProgramData\chocolatey\bin;C:\Program Files\Docker\Docker\resources\bin;C:\Users\Anthony\AppData\Local\Programs\Python\Python310\Scripts\;C:\Users\Anthony\AppData\Local\Programs\Python\Python310\;C:\Users\Anthony\AppData\Local\Microsoft\WindowsApps;C:\Users\Anthony\AppData\Local\Programs\Microsoft VS Code\bin;C:\Users\Anthony\AppData\Local\GitHubDesktop\bin;C:\Users\Anthony\AppData\Roaming\npm;C:\Program Files\Java\jdk-22\bin;C:\Program Files\Java\jdk-20\bin;;."/>
    <property name="java.vm.info" value="mixed mode, sharing"/>
    <property name="stderr.encoding" value="Cp1252"/>
    <property name="java.vendor" value="Amazon.com Inc."/>
    <property name="java.vm.version" value="22.0.2+9-FR"/>
    <property name="sun.io.unicode.encoding" value="UnicodeLittle"/>
    <property name="java.class.version" value="66.0"/>
  </properties>
  <testcase name="given_AdvertisementWithOffensiveWords_when_VerificarContenidoOfensivo_then_RetornaTrue{String, String, String, String}[1]" classname="service.AnuncioServiceTest" time="0.042"/>
  <testcase name="given_AdvertisementWithOffensiveWords_when_VerificarContenidoOfensivo_then_RetornaTrue{String, String, String, String}[2]" classname="service.AnuncioServiceTest" time="0.001"/>
  <testcase name="given_AdvertisementWithOffensiveWords_when_VerificarContenidoOfensivo_then_RetornaTrue{String, String, String, String}[3]" classname="service.AnuncioServiceTest" time="0.002"/>
  <testcase name="given_AdvertisementWithOffensiveWords_when_VerificarContenidoOfensivo_then_RetornaTrue{String, String, String, String}[4]" classname="service.AnuncioServiceTest" time="0.001"/>
  <testcase name="given_AdvertisementWithValidOrInvalidContent_when_VerificarContenidoMax200_thenReturnsTrueOrFalse{String, String, String, String}[1]" classname="service.AnuncioServiceTest" time="0.001"/>
  <testcase name="given_AdvertisementWithValidOrInvalidContent_when_VerificarContenidoMax200_thenReturnsTrueOrFalse{String, String, String, String}[2]" classname="service.AnuncioServiceTest" time="0.001"/>
  <testcase name="given_AdvertisementWithValidOrInvalidContent_when_VerificarContenidoMax200_thenReturnsTrueOrFalse{String, String, String, String}[3]" classname="service.AnuncioServiceTest" time="0"/>
  <testcase name="given_AdvertisementWithValidOrInvalidContent_when_VerificarContenidoMax200_thenReturnsTrueOrFalse{String, String, String, String}[4]" classname="service.AnuncioServiceTest" time="0"/>
  <testcase name="given_AdvertisementWithValidOrInvalidContent_when_VerificarContenidoMax200_thenReturnsTrueOrFalse{String, String, String, String}[5]" classname="service.AnuncioServiceTest" time="0.002"/>
  <testcase name="given_AdvertisementWithValidOrInvalidContent_when_VerificarContenidoMax200_thenReturnsTrueOrFalse{String, String, String, String}[6]" classname="service.AnuncioServiceTest" time="0.001"/>
  <testcase name="given_AdvertisementWithValidOrInvalidContent_when_VerificarContenidoMax200_thenReturnsTrueOrFalse{String, String, String, String}[7]" classname="service.AnuncioServiceTest" time="0.001"/>
  <testcase name="given_AnunciosListAndEmptyName_when_FilteringByNombre_then_ReturnsAllAnuncios" classname="service.AnuncioServiceTest" time="0.002"/>
  <testcase name="given_AnunciosListAndNonExistingName_when_FilteringByNombre_then_ReturnsEmptyList" classname="service.AnuncioServiceTest" time="0.002"/>
  <testcase name="given_NombreWithDifferentCase_when_FiltrarAnunciosPorNombre_then_ReturnsMatchingAnuncios" classname="service.AnuncioServiceTest" time="0.002"/>
  <testcase name="given_AnunciosListAndNullName_when_FilteringByNombre_then_ReturnsAllAnuncios" classname="service.AnuncioServiceTest" time="0.001"/>
  <testcase name="given_AnunciosListAndMatchingName_when_FilteringByNombre_then_ReturnsMatchingAnuncios" classname="service.AnuncioServiceTest" time="0.001"/>
  <testcase name="given_ValidDetails_when_CreatingAnuncio_then_AnuncioIsCreatedSuccessfully" classname="service.AnuncioServiceTest" time="0.001"/>
</testsuite>